<?xml version="1.0" encoding="UTF-8"?>
<!-- Generated by org.testng.reporters.JUnitXMLReporter -->
<testsuite ignored="1" hostname="LAPTOP-PKKFAUCI" failures="0" tests="9" name="Test" time="9.787" errors="0" timestamp="30 Jul 2021 11:54:52 GMT">
  <testcase classname="sample.Anottedd" name="f" time="0.004"/>
  <testcase classname="sample.Anottedd" name="f1" time="0.003"/>
  <testcase classname="sample.NewTest" name="getproducttitle" time="0.127"/>
  <testcase classname="sample.NewTest" name="homeurl" time="0.091"/>
  <testcase classname="sample.NewTest" name="search_product" time="2.333"/>
  <testcase classname="sample.NewTest" name="validation" time="0.024"/>
  <testcase classname="sample.NewTest" name="zuitsbrowser" time="0.299"/>
  <testcase classname="sample.Anottedd2" name="f" time="0.002"/>
  <testcase classname="sample.Anottedd2" name="f1" time="0.003"/>
  <testcase classname="sample.NewTest" name="getproducturl" time="0.0">
    <ignored/>
  </testcase> <!-- getproducturl -->
</testsuite> <!-- Test -->
